C:\Program Files\Microsoft Visual Studio\2022\Community\MSBuild\Microsoft\VC\v170\Microsoft.CppBuild.targets(520,5): warning MSB8004: El directorio Output no termina con una barra diagonal final. Esta instancia de compilación agregará la barra diagonal porque es necesaria para que se pueda evaluar correctamente el directorio Output.
  NETMessage.cpp
  NETSystem.cpp
C:\Users\josem\OneDrive\Escritorio\TPV_Practica3\TPV2\TPV2\src\game\Constantes.h(9,36): warning C4305: 'inicializando': truncamiento de 'double' a 'float'
C:\Users\josem\OneDrive\Escritorio\TPV_Practica3\TPV2\TPV2\src\game\Constantes.h(10,25): warning C4305: 'inicializando': truncamiento de 'double' a 'float'
C:\Users\josem\OneDrive\Escritorio\TPV_Practica3\TPV2\TPV2\src\components\Transform.h(15,15): warning C4305: 'inicializando': truncamiento de 'double' a 'float'
C:\Users\josem\OneDrive\Escritorio\TPV_Practica3\TPV2\TPV2\src\systems\FighterSystem.h(48,49): warning C4244: 'inicializando': conversión de 'Uint32' a 'float'; posible pérdida de datos
C:\Users\josem\OneDrive\Escritorio\TPV_Practica3\TPV2\TPV2\src\sdlutils\SDLUtils.h(50,32): warning C4101: 'e': variable local sin referencia
C:\Users\josem\OneDrive\Escritorio\TPV_Practica3\TPV2\TPV2\src\sdlutils\SDLUtils.h(47): message : al compilar la función del miembro clase plantilla "SoundEffect &SDLUtils::map_access_wrapper<SoundEffect>::at(std::string)"
C:\Users\josem\OneDrive\Escritorio\TPV_Practica3\TPV2\TPV2\src\sdlutils\SDLUtils.h(194): message : Vea la referencia a la creación de una instancia de clase plantilla "SDLUtils::map_access_wrapper<SoundEffect>" que se está compilando
C:\Users\josem\OneDrive\Escritorio\TPV_Practica3\TPV2\TPV2\src\systems\NETSystem.cpp(92,5): error C4996: 'strcpy': This function or variable may be unsafe. Consider using strcpy_s instead. To disable deprecation, use _CRT_SECURE_NO_WARNINGS. See online help for details.
C:\Users\josem\OneDrive\Escritorio\TPV_Practica3\TPV2\TPV2\src\systems\NETSystem.cpp(112,21): error C4996: 'strcpy': This function or variable may be unsafe. Consider using strcpy_s instead. To disable deprecation, use _CRT_SECURE_NO_WARNINGS. See online help for details.
C:\Users\josem\OneDrive\Escritorio\TPV_Practica3\TPV2\TPV2\src\systems\NETSystem.cpp(117,21): error C4996: 'strcpy': This function or variable may be unsafe. Consider using strcpy_s instead. To disable deprecation, use _CRT_SECURE_NO_WARNINGS. See online help for details.
C:\Users\josem\OneDrive\Escritorio\TPV_Practica3\TPV2\TPV2\src\systems\NETSystem.cpp(129,21): error C4996: 'strcpy': This function or variable may be unsafe. Consider using strcpy_s instead. To disable deprecation, use _CRT_SECURE_NO_WARNINGS. See online help for details.
  MultiPlayerState.cpp
C:\Users\josem\OneDrive\Escritorio\TPV_Practica3\TPV2\TPV2\src\game\Constantes.h(9,36): warning C4305: 'inicializando': truncamiento de 'double' a 'float'
C:\Users\josem\OneDrive\Escritorio\TPV_Practica3\TPV2\TPV2\src\game\Constantes.h(10,25): warning C4305: 'inicializando': truncamiento de 'double' a 'float'
C:\Users\josem\OneDrive\Escritorio\TPV_Practica3\TPV2\TPV2\src\components\Transform.h(15,15): warning C4305: 'inicializando': truncamiento de 'double' a 'float'
C:\Users\josem\OneDrive\Escritorio\TPV_Practica3\TPV2\TPV2\src\systems\FighterSystem.h(48,49): warning C4244: 'inicializando': conversión de 'Uint32' a 'float'; posible pérdida de datos
C:\Users\josem\OneDrive\Escritorio\TPV_Practica3\TPV2\TPV2\src\sdlutils\SDLUtils.h(50,32): warning C4101: 'e': variable local sin referencia
C:\Users\josem\OneDrive\Escritorio\TPV_Practica3\TPV2\TPV2\src\sdlutils\SDLUtils.h(47): message : al compilar la función del miembro clase plantilla "SoundEffect &SDLUtils::map_access_wrapper<SoundEffect>::at(std::string)"
C:\Users\josem\OneDrive\Escritorio\TPV_Practica3\TPV2\TPV2\src\sdlutils\SDLUtils.h(194): message : Vea la referencia a la creación de una instancia de clase plantilla "SDLUtils::map_access_wrapper<SoundEffect>" que se está compilando
  MainMenuState.cpp
C:\Users\josem\OneDrive\Escritorio\TPV_Practica3\TPV2\TPV2\src\game\Constantes.h(9,36): warning C4305: 'inicializando': truncamiento de 'double' a 'float'
C:\Users\josem\OneDrive\Escritorio\TPV_Practica3\TPV2\TPV2\src\game\Constantes.h(10,25): warning C4305: 'inicializando': truncamiento de 'double' a 'float'
C:\Users\josem\OneDrive\Escritorio\TPV_Practica3\TPV2\TPV2\src\components\Transform.h(15,15): warning C4305: 'inicializando': truncamiento de 'double' a 'float'
C:\Users\josem\OneDrive\Escritorio\TPV_Practica3\TPV2\TPV2\src\sdlutils\SDLUtils.h(50,32): warning C4101: 'e': variable local sin referencia
C:\Users\josem\OneDrive\Escritorio\TPV_Practica3\TPV2\TPV2\src\sdlutils\SDLUtils.h(47): message : al compilar la función del miembro clase plantilla "Font &SDLUtils::map_access_wrapper<Font>::at(std::string)"
C:\Users\josem\OneDrive\Escritorio\TPV_Practica3\TPV2\TPV2\src\sdlutils\SDLUtils.h(191): message : Vea la referencia a la creación de una instancia de clase plantilla "SDLUtils::map_access_wrapper<Font>" que se está compilando
C:\Users\josem\OneDrive\Escritorio\TPV_Practica3\TPV2\TPV2\src\systems\FighterSystem.h(48,49): warning C4244: 'inicializando': conversión de 'Uint32' a 'float'; posible pérdida de datos
C:\Users\josem\OneDrive\Escritorio\TPV_Practica3\TPV2\TPV2\src\states\MainMenuState.cpp(17,12): warning C4101: 'event_': variable local sin referencia
  DeAcceleration.cpp
  FighterCtrl.cpp
C:\Users\josem\OneDrive\Escritorio\TPV_Practica3\TPV2\TPV2\src\components\Transform.h(15,15): warning C4305: 'inicializando': truncamiento de 'double' a 'float'
  Follow.cpp
  FramedImage.cpp
C:\Users\josem\OneDrive\Escritorio\TPV_Practica3\TPV2\TPV2\src\components\Transform.h(15,15): warning C4305: 'inicializando': truncamiento de 'double' a 'float'
C:\Users\josem\OneDrive\Escritorio\TPV_Practica3\TPV2\TPV2\src\game\Constantes.h(9,36): warning C4305: 'inicializando': truncamiento de 'double' a 'float'
C:\Users\josem\OneDrive\Escritorio\TPV_Practica3\TPV2\TPV2\src\game\Constantes.h(10,25): warning C4305: 'inicializando': truncamiento de 'double' a 'float'
C:\Users\josem\OneDrive\Escritorio\TPV_Practica3\TPV2\TPV2\src\components\FramedImage.cpp(32,31): warning C4244: '=': conversión de 'float' a 'int'; posible pérdida de datos
C:\Users\josem\OneDrive\Escritorio\TPV_Practica3\TPV2\TPV2\src\components\FramedImage.cpp(33,30): warning C4244: '=': conversión de 'float' a 'int'; posible pérdida de datos
C:\Users\josem\OneDrive\Escritorio\TPV_Practica3\TPV2\TPV2\src\components\FramedImage.cpp(34,22): warning C4244: '=': conversión de 'float' a 'int'; posible pérdida de datos
C:\Users\josem\OneDrive\Escritorio\TPV_Practica3\TPV2\TPV2\src\components\FramedImage.cpp(35,22): warning C4244: '=': conversión de 'float' a 'int'; posible pérdida de datos
  Generations.cpp
  Gun.cpp
  Health.cpp
C:\Users\josem\OneDrive\Escritorio\TPV_Practica3\TPV2\TPV2\src\components\Health.cpp(17,8): warning C4553: "==": el resultado de la expresión no se usa. ¿Quiso decir "="?
C:\Users\josem\OneDrive\Escritorio\TPV_Practica3\TPV2\TPV2\src\components\Health.cpp(24,11): warning C4101: 'dest': variable local sin referencia
  Image.cpp
  ShowAtOpposideSide.cpp
  Transform.cpp
C:\Users\josem\OneDrive\Escritorio\TPV_Practica3\TPV2\TPV2\src\components\Transform.h(15,15): warning C4305: 'inicializando': truncamiento de 'double' a 'float'
  Component.cpp
  Entity.cpp
  Manager.cpp
C:\Users\josem\OneDrive\Escritorio\TPV_Practica3\TPV2\TPV2\src\game\Constantes.h(9,36): warning C4305: 'inicializando': truncamiento de 'double' a 'float'
C:\Users\josem\OneDrive\Escritorio\TPV_Practica3\TPV2\TPV2\src\game\Constantes.h(10,25): warning C4305: 'inicializando': truncamiento de 'double' a 'float'
C:\Users\josem\OneDrive\Escritorio\TPV_Practica3\TPV2\TPV2\src\components\Transform.h(15,15): warning C4305: 'inicializando': truncamiento de 'double' a 'float'
  Message.cpp
  System.cpp
C:\Users\josem\OneDrive\Escritorio\TPV_Practica3\TPV2\TPV2\src\game\Constantes.h(9,36): warning C4305: 'inicializando': truncamiento de 'double' a 'float'
C:\Users\josem\OneDrive\Escritorio\TPV_Practica3\TPV2\TPV2\src\game\Constantes.h(10,25): warning C4305: 'inicializando': truncamiento de 'double' a 'float'
C:\Users\josem\OneDrive\Escritorio\TPV_Practica3\TPV2\TPV2\src\components\Transform.h(15,15): warning C4305: 'inicializando': truncamiento de 'double' a 'float'
  Game.cpp
C:\Users\josem\OneDrive\Escritorio\TPV_Practica3\TPV2\TPV2\src\game\Constantes.h(9,36): warning C4305: 'inicializando': truncamiento de 'double' a 'float'
C:\Users\josem\OneDrive\Escritorio\TPV_Practica3\TPV2\TPV2\src\game\Constantes.h(10,25): warning C4305: 'inicializando': truncamiento de 'double' a 'float'
C:\Users\josem\OneDrive\Escritorio\TPV_Practica3\TPV2\TPV2\src\components\Transform.h(15,15): warning C4305: 'inicializando': truncamiento de 'double' a 'float'
  Generando código...
  Compilando...
  JSON.cpp
  JSONValue.cpp
  json_demo.cpp
  main.cpp
  SDLUtils.cpp
  sdlutils_demo.cpp
C:\Users\josem\OneDrive\Escritorio\TPV_Practica3\TPV2\TPV2\src\sdlutils\SDLUtils.h(50,32): warning C4101: 'e': variable local sin referencia
C:\Users\josem\OneDrive\Escritorio\TPV_Practica3\TPV2\TPV2\src\sdlutils\SDLUtils.h(47): message : al compilar la función del miembro clase plantilla "Texture &SDLUtils::map_access_wrapper<Texture>::at(std::string)"
C:\Users\josem\OneDrive\Escritorio\TPV_Practica3\TPV2\TPV2\src\sdlutils\SDLUtils.h(192): message : Vea la referencia a la creación de una instancia de clase plantilla "SDLUtils::map_access_wrapper<Texture>" que se está compilando
  SoundEffect.cpp
  Texture.cpp
  GameOverState.cpp
C:\Users\josem\OneDrive\Escritorio\TPV_Practica3\TPV2\TPV2\src\game\Constantes.h(9,36): warning C4305: 'inicializando': truncamiento de 'double' a 'float'
C:\Users\josem\OneDrive\Escritorio\TPV_Practica3\TPV2\TPV2\src\game\Constantes.h(10,25): warning C4305: 'inicializando': truncamiento de 'double' a 'float'
C:\Users\josem\OneDrive\Escritorio\TPV_Practica3\TPV2\TPV2\src\components\Transform.h(15,15): warning C4305: 'inicializando': truncamiento de 'double' a 'float'
C:\Users\josem\OneDrive\Escritorio\TPV_Practica3\TPV2\TPV2\src\systems\FighterSystem.h(48,49): warning C4244: 'inicializando': conversión de 'Uint32' a 'float'; posible pérdida de datos
C:\Users\josem\OneDrive\Escritorio\TPV_Practica3\TPV2\TPV2\src\sdlutils\SDLUtils.h(50,32): warning C4101: 'e': variable local sin referencia
C:\Users\josem\OneDrive\Escritorio\TPV_Practica3\TPV2\TPV2\src\sdlutils\SDLUtils.h(47): message : al compilar la función del miembro clase plantilla "SoundEffect &SDLUtils::map_access_wrapper<SoundEffect>::at(std::string)"
C:\Users\josem\OneDrive\Escritorio\TPV_Practica3\TPV2\TPV2\src\sdlutils\SDLUtils.h(194): message : Vea la referencia a la creación de una instancia de clase plantilla "SDLUtils::map_access_wrapper<SoundEffect>" que se está compilando
C:\Users\josem\OneDrive\Escritorio\TPV_Practica3\TPV2\TPV2\src\states\GameOverState.cpp(21,12): warning C4101: 'event': variable local sin referencia
  PauseState.cpp
C:\Users\josem\OneDrive\Escritorio\TPV_Practica3\TPV2\TPV2\src\game\Constantes.h(9,36): warning C4305: 'inicializando': truncamiento de 'double' a 'float'
C:\Users\josem\OneDrive\Escritorio\TPV_Practica3\TPV2\TPV2\src\game\Constantes.h(10,25): warning C4305: 'inicializando': truncamiento de 'double' a 'float'
C:\Users\josem\OneDrive\Escritorio\TPV_Practica3\TPV2\TPV2\src\components\Transform.h(15,15): warning C4305: 'inicializando': truncamiento de 'double' a 'float'
C:\Users\josem\OneDrive\Escritorio\TPV_Practica3\TPV2\TPV2\src\systems\FighterSystem.h(48,49): warning C4244: 'inicializando': conversión de 'Uint32' a 'float'; posible pérdida de datos
C:\Users\josem\OneDrive\Escritorio\TPV_Practica3\TPV2\TPV2\src\sdlutils\SDLUtils.h(50,32): warning C4101: 'e': variable local sin referencia
C:\Users\josem\OneDrive\Escritorio\TPV_Practica3\TPV2\TPV2\src\sdlutils\SDLUtils.h(47): message : al compilar la función del miembro clase plantilla "SoundEffect &SDLUtils::map_access_wrapper<SoundEffect>::at(std::string)"
C:\Users\josem\OneDrive\Escritorio\TPV_Practica3\TPV2\TPV2\src\sdlutils\SDLUtils.h(194): message : Vea la referencia a la creación de una instancia de clase plantilla "SDLUtils::map_access_wrapper<SoundEffect>" que se está compilando
  PlayState.cpp
C:\Users\josem\OneDrive\Escritorio\TPV_Practica3\TPV2\TPV2\src\game\Constantes.h(9,36): warning C4305: 'inicializando': truncamiento de 'double' a 'float'
C:\Users\josem\OneDrive\Escritorio\TPV_Practica3\TPV2\TPV2\src\game\Constantes.h(10,25): warning C4305: 'inicializando': truncamiento de 'double' a 'float'
C:\Users\josem\OneDrive\Escritorio\TPV_Practica3\TPV2\TPV2\src\components\Transform.h(15,15): warning C4305: 'inicializando': truncamiento de 'double' a 'float'
C:\Users\josem\OneDrive\Escritorio\TPV_Practica3\TPV2\TPV2\src\systems\FighterSystem.h(48,49): warning C4244: 'inicializando': conversión de 'Uint32' a 'float'; posible pérdida de datos
C:\Users\josem\OneDrive\Escritorio\TPV_Practica3\TPV2\TPV2\src\sdlutils\SDLUtils.h(50,32): warning C4101: 'e': variable local sin referencia
C:\Users\josem\OneDrive\Escritorio\TPV_Practica3\TPV2\TPV2\src\sdlutils\SDLUtils.h(47): message : al compilar la función del miembro clase plantilla "SoundEffect &SDLUtils::map_access_wrapper<SoundEffect>::at(std::string)"
C:\Users\josem\OneDrive\Escritorio\TPV_Practica3\TPV2\TPV2\src\sdlutils\SDLUtils.h(194): message : Vea la referencia a la creación de una instancia de clase plantilla "SDLUtils::map_access_wrapper<SoundEffect>" que se está compilando
  WinState.cpp
C:\Users\josem\OneDrive\Escritorio\TPV_Practica3\TPV2\TPV2\src\game\Constantes.h(9,36): warning C4305: 'inicializando': truncamiento de 'double' a 'float'
C:\Users\josem\OneDrive\Escritorio\TPV_Practica3\TPV2\TPV2\src\game\Constantes.h(10,25): warning C4305: 'inicializando': truncamiento de 'double' a 'float'
C:\Users\josem\OneDrive\Escritorio\TPV_Practica3\TPV2\TPV2\src\components\Transform.h(15,15): warning C4305: 'inicializando': truncamiento de 'double' a 'float'
C:\Users\josem\OneDrive\Escritorio\TPV_Practica3\TPV2\TPV2\src\systems\FighterSystem.h(48,49): warning C4244: 'inicializando': conversión de 'Uint32' a 'float'; posible pérdida de datos
C:\Users\josem\OneDrive\Escritorio\TPV_Practica3\TPV2\TPV2\src\sdlutils\SDLUtils.h(50,32): warning C4101: 'e': variable local sin referencia
C:\Users\josem\OneDrive\Escritorio\TPV_Practica3\TPV2\TPV2\src\sdlutils\SDLUtils.h(47): message : al compilar la función del miembro clase plantilla "SoundEffect &SDLUtils::map_access_wrapper<SoundEffect>::at(std::string)"
C:\Users\josem\OneDrive\Escritorio\TPV_Practica3\TPV2\TPV2\src\sdlutils\SDLUtils.h(194): message : Vea la referencia a la creación de una instancia de clase plantilla "SDLUtils::map_access_wrapper<SoundEffect>" que se está compilando
  AsteroidsSystem.cpp
C:\Users\josem\OneDrive\Escritorio\TPV_Practica3\TPV2\TPV2\src\game\Constantes.h(9,36): warning C4305: 'inicializando': truncamiento de 'double' a 'float'
C:\Users\josem\OneDrive\Escritorio\TPV_Practica3\TPV2\TPV2\src\game\Constantes.h(10,25): warning C4305: 'inicializando': truncamiento de 'double' a 'float'
C:\Users\josem\OneDrive\Escritorio\TPV_Practica3\TPV2\TPV2\src\components\Transform.h(15,15): warning C4305: 'inicializando': truncamiento de 'double' a 'float'
C:\Users\josem\OneDrive\Escritorio\TPV_Practica3\TPV2\TPV2\src\systems\AsteroidsSystem.cpp(49,40): warning C4552: "-": el resultado de la expresión no se usa
C:\Users\josem\OneDrive\Escritorio\TPV_Practica3\TPV2\TPV2\src\systems\AsteroidsSystem.cpp(89,31): warning C4244: 'argumento': conversión de 'float' a 'int'; posible pérdida de datos
C:\Users\josem\OneDrive\Escritorio\TPV_Practica3\TPV2\TPV2\src\systems\AsteroidsSystem.cpp(89,20): warning C4244: 'argumento': conversión de 'float' a 'int'; posible pérdida de datos
C:\Users\josem\OneDrive\Escritorio\TPV_Practica3\TPV2\TPV2\src\systems\AsteroidsSystem.cpp(91,32): warning C4244: 'argumento': conversión de 'float' a 'int'; posible pérdida de datos
C:\Users\josem\OneDrive\Escritorio\TPV_Practica3\TPV2\TPV2\src\systems\AsteroidsSystem.cpp(91,21): warning C4244: 'argumento': conversión de 'float' a 'int'; posible pérdida de datos
C:\Users\josem\OneDrive\Escritorio\TPV_Practica3\TPV2\TPV2\src\sdlutils\SDLUtils.h(50,32): warning C4101: 'e': variable local sin referencia
C:\Users\josem\OneDrive\Escritorio\TPV_Practica3\TPV2\TPV2\src\sdlutils\SDLUtils.h(47): message : al compilar la función del miembro clase plantilla "Texture &SDLUtils::map_access_wrapper<Texture>::at(std::string)"
C:\Users\josem\OneDrive\Escritorio\TPV_Practica3\TPV2\TPV2\src\sdlutils\SDLUtils.h(192): message : Vea la referencia a la creación de una instancia de clase plantilla "SDLUtils::map_access_wrapper<Texture>" que se está compilando
C:\Users\josem\OneDrive\Escritorio\TPV_Practica3\TPV2\TPV2\src\systems\AsteroidsSystem.cpp(122,124): warning C4244: 'argumento': conversión de 'int' a 'float'; posible pérdida de datos
C:\Users\josem\OneDrive\Escritorio\TPV_Practica3\TPV2\TPV2\src\systems\AsteroidsSystem.cpp(122,136): warning C4244: 'argumento': conversión de 'const _Ty' a 'float'; posible pérdida de datos
          with
          [
              _Ty=int
          ]
C:\Users\josem\OneDrive\Escritorio\TPV_Practica3\TPV2\TPV2\src\systems\AsteroidsSystem.cpp(123,73): warning C4244: 'argumento': conversión de 'int' a 'float'; posible pérdida de datos
C:\Users\josem\OneDrive\Escritorio\TPV_Practica3\TPV2\TPV2\src\systems\AsteroidsSystem.cpp(124,12): warning C4244: 'inicializando': conversión de 'float' a 'int'; posible pérdida de datos
C:\Users\josem\OneDrive\Escritorio\TPV_Practica3\TPV2\TPV2\src\systems\AsteroidsSystem.cpp(125,13): warning C4244: 'inicializando': conversión de 'float' a 'int'; posible pérdida de datos
C:\Users\josem\OneDrive\Escritorio\TPV_Practica3\TPV2\TPV2\src\systems\AsteroidsSystem.cpp(174,15): warning C4244: 'inicializando': conversión de 'int' a 'float'; posible pérdida de datos
C:\Users\josem\OneDrive\Escritorio\TPV_Practica3\TPV2\TPV2\src\systems\AsteroidsSystem.cpp(175,15): warning C4244: 'inicializando': conversión de 'int' a 'float'; posible pérdida de datos
C:\Users\josem\OneDrive\Escritorio\TPV_Practica3\TPV2\TPV2\src\systems\AsteroidsSystem.cpp(177,27): warning C4244: '=': conversión de 'int' a 'float'; posible pérdida de datos
C:\Users\josem\OneDrive\Escritorio\TPV_Practica3\TPV2\TPV2\src\systems\AsteroidsSystem.cpp(178,27): warning C4244: '=': conversión de 'int' a 'float'; posible pérdida de datos
C:\Users\josem\OneDrive\Escritorio\TPV_Practica3\TPV2\TPV2\src\systems\AsteroidsSystem.cpp(182,27): warning C4244: '=': conversión de 'int' a 'float'; posible pérdida de datos
C:\Users\josem\OneDrive\Escritorio\TPV_Practica3\TPV2\TPV2\src\systems\AsteroidsSystem.cpp(183,27): warning C4244: '=': conversión de 'int' a 'float'; posible pérdida de datos
C:\Users\josem\OneDrive\Escritorio\TPV_Practica3\TPV2\TPV2\src\systems\AsteroidsSystem.cpp(186,27): warning C4244: '=': conversión de 'int' a 'float'; posible pérdida de datos
C:\Users\josem\OneDrive\Escritorio\TPV_Practica3\TPV2\TPV2\src\systems\AsteroidsSystem.cpp(187,27): warning C4244: '=': conversión de 'int' a 'float'; posible pérdida de datos
C:\Users\josem\OneDrive\Escritorio\TPV_Practica3\TPV2\TPV2\src\systems\AsteroidsSystem.cpp(190,27): warning C4244: '=': conversión de 'int' a 'float'; posible pérdida de datos
C:\Users\josem\OneDrive\Escritorio\TPV_Practica3\TPV2\TPV2\src\systems\AsteroidsSystem.cpp(191,27): warning C4244: '=': conversión de 'int' a 'float'; posible pérdida de datos
C:\Users\josem\OneDrive\Escritorio\TPV_Practica3\TPV2\TPV2\src\ecs\Manager.h(72,27): warning C4244: 'argumento': conversión de 'int' a 'float'; posible pérdida de datos
C:\Users\josem\OneDrive\Escritorio\TPV_Practica3\TPV2\TPV2\src\systems\AsteroidsSystem.cpp(127): message : Vea la referencia a la creación de una instancia de la función plantilla "T *Manager::addComponent<Transform,Vector2D&,Vector2D&,int&,int&>(Entity *,Vector2D &,Vector2D &,int &,int &)" que se está compilando
          with
          [
              T=Transform
          ]
  BulletSystem.cpp
C:\Users\josem\OneDrive\Escritorio\TPV_Practica3\TPV2\TPV2\src\game\Constantes.h(9,36): warning C4305: 'inicializando': truncamiento de 'double' a 'float'
C:\Users\josem\OneDrive\Escritorio\TPV_Practica3\TPV2\TPV2\src\game\Constantes.h(10,25): warning C4305: 'inicializando': truncamiento de 'double' a 'float'
C:\Users\josem\OneDrive\Escritorio\TPV_Practica3\TPV2\TPV2\src\components\Transform.h(15,15): warning C4305: 'inicializando': truncamiento de 'double' a 'float'
C:\Users\josem\OneDrive\Escritorio\TPV_Practica3\TPV2\TPV2\src\ecs\Manager.h(72,27): warning C4244: 'argumento': conversión de 'double' a 'float'; posible pérdida de datos
C:\Users\josem\OneDrive\Escritorio\TPV_Practica3\TPV2\TPV2\src\systems\BulletSystem.cpp(55): message : Vea la referencia a la creación de una instancia de la función plantilla "T *Manager::addComponent<Transform,Vector2D&,Vector2D&,double&,double&,double&>(Entity *,Vector2D &,Vector2D &,double &,double &,double &)" que se está compilando
          with
          [
              T=Transform
          ]
C:\Users\josem\OneDrive\Escritorio\TPV_Practica3\TPV2\TPV2\src\ecs\Manager.h(72,27): warning C4244: 'argumento': conversión de 'const int' a 'float'; posible pérdida de datos
C:\Users\josem\OneDrive\Escritorio\TPV_Practica3\TPV2\TPV2\src\systems\BulletSystem.cpp(66): message : Vea la referencia a la creación de una instancia de la función plantilla "T *Manager::addComponent<Transform,Vector2D&,Vector2D&,const int&,const int&,float&>(Entity *,Vector2D &,Vector2D &,const int &,const int &,float &)" que se está compilando
          with
          [
              T=Transform
          ]
  CollisionsSystem.cpp
C:\Users\josem\OneDrive\Escritorio\TPV_Practica3\TPV2\TPV2\src\game\Constantes.h(9,36): warning C4305: 'inicializando': truncamiento de 'double' a 'float'
C:\Users\josem\OneDrive\Escritorio\TPV_Practica3\TPV2\TPV2\src\game\Constantes.h(10,25): warning C4305: 'inicializando': truncamiento de 'double' a 'float'
C:\Users\josem\OneDrive\Escritorio\TPV_Practica3\TPV2\TPV2\src\components\Transform.h(15,15): warning C4305: 'inicializando': truncamiento de 'double' a 'float'
C:\Users\josem\OneDrive\Escritorio\TPV_Practica3\TPV2\TPV2\src\sdlutils\SDLUtils.h(50,32): warning C4101: 'e': variable local sin referencia
C:\Users\josem\OneDrive\Escritorio\TPV_Practica3\TPV2\TPV2\src\sdlutils\SDLUtils.h(47): message : al compilar la función del miembro clase plantilla "SoundEffect &SDLUtils::map_access_wrapper<SoundEffect>::at(std::string)"
C:\Users\josem\OneDrive\Escritorio\TPV_Practica3\TPV2\TPV2\src\sdlutils\SDLUtils.h(194): message : Vea la referencia a la creación de una instancia de clase plantilla "SDLUtils::map_access_wrapper<SoundEffect>" que se está compilando
  FighterSystem.cpp
C:\Users\josem\OneDrive\Escritorio\TPV_Practica3\TPV2\TPV2\src\game\Constantes.h(9,36): warning C4305: 'inicializando': truncamiento de 'double' a 'float'
C:\Users\josem\OneDrive\Escritorio\TPV_Practica3\TPV2\TPV2\src\game\Constantes.h(10,25): warning C4305: 'inicializando': truncamiento de 'double' a 'float'
C:\Users\josem\OneDrive\Escritorio\TPV_Practica3\TPV2\TPV2\src\components\Transform.h(15,15): warning C4305: 'inicializando': truncamiento de 'double' a 'float'
C:\Users\josem\OneDrive\Escritorio\TPV_Practica3\TPV2\TPV2\src\systems\FighterSystem.h(48,49): warning C4244: 'inicializando': conversión de 'Uint32' a 'float'; posible pérdida de datos
C:\Users\josem\OneDrive\Escritorio\TPV_Practica3\TPV2\TPV2\src\sdlutils\SDLUtils.h(50,32): warning C4101: 'e': variable local sin referencia
C:\Users\josem\OneDrive\Escritorio\TPV_Practica3\TPV2\TPV2\src\sdlutils\SDLUtils.h(47): message : al compilar la función del miembro clase plantilla "SoundEffect &SDLUtils::map_access_wrapper<SoundEffect>::at(std::string)"
C:\Users\josem\OneDrive\Escritorio\TPV_Practica3\TPV2\TPV2\src\sdlutils\SDLUtils.h(194): message : Vea la referencia a la creación de una instancia de clase plantilla "SDLUtils::map_access_wrapper<SoundEffect>" que se está compilando
C:\Users\josem\OneDrive\Escritorio\TPV_Practica3\TPV2\TPV2\src\systems\FighterSystem.cpp(96,37): warning C4244: '=': conversión de 'Uint32' a 'float'; posible pérdida de datos
  GameControlSystem.cpp
C:\Users\josem\OneDrive\Escritorio\TPV_Practica3\TPV2\TPV2\src\game\Constantes.h(9,36): warning C4305: 'inicializando': truncamiento de 'double' a 'float'
C:\Users\josem\OneDrive\Escritorio\TPV_Practica3\TPV2\TPV2\src\game\Constantes.h(10,25): warning C4305: 'inicializando': truncamiento de 'double' a 'float'
C:\Users\josem\OneDrive\Escritorio\TPV_Practica3\TPV2\TPV2\src\components\Transform.h(15,15): warning C4305: 'inicializando': truncamiento de 'double' a 'float'
C:\Users\josem\OneDrive\Escritorio\TPV_Practica3\TPV2\TPV2\src\systems\FighterSystem.h(48,49): warning C4244: 'inicializando': conversión de 'Uint32' a 'float'; posible pérdida de datos
C:\Users\josem\OneDrive\Escritorio\TPV_Practica3\TPV2\TPV2\src\sdlutils\SDLUtils.h(50,32): warning C4101: 'e': variable local sin referencia
C:\Users\josem\OneDrive\Escritorio\TPV_Practica3\TPV2\TPV2\src\sdlutils\SDLUtils.h(47): message : al compilar la función del miembro clase plantilla "SoundEffect &SDLUtils::map_access_wrapper<SoundEffect>::at(std::string)"
C:\Users\josem\OneDrive\Escritorio\TPV_Practica3\TPV2\TPV2\src\sdlutils\SDLUtils.h(194): message : Vea la referencia a la creación de una instancia de clase plantilla "SDLUtils::map_access_wrapper<SoundEffect>" que se está compilando
  RenderSystem.cpp
C:\Users\josem\OneDrive\Escritorio\TPV_Practica3\TPV2\TPV2\src\game\Constantes.h(9,36): warning C4305: 'inicializando': truncamiento de 'double' a 'float'
C:\Users\josem\OneDrive\Escritorio\TPV_Practica3\TPV2\TPV2\src\game\Constantes.h(10,25): warning C4305: 'inicializando': truncamiento de 'double' a 'float'
C:\Users\josem\OneDrive\Escritorio\TPV_Practica3\TPV2\TPV2\src\components\Transform.h(15,15): warning C4305: 'inicializando': truncamiento de 'double' a 'float'
C:\Users\josem\OneDrive\Escritorio\TPV_Practica3\TPV2\TPV2\src\sdlutils\SDLUtils.h(50,32): warning C4101: 'e': variable local sin referencia
C:\Users\josem\OneDrive\Escritorio\TPV_Practica3\TPV2\TPV2\src\sdlutils\SDLUtils.h(47): message : al compilar la función del miembro clase plantilla "Font &SDLUtils::map_access_wrapper<Font>::at(std::string)"
C:\Users\josem\OneDrive\Escritorio\TPV_Practica3\TPV2\TPV2\src\sdlutils\SDLUtils.h(191): message : Vea la referencia a la creación de una instancia de clase plantilla "SDLUtils::map_access_wrapper<Font>" que se está compilando
C:\Users\josem\OneDrive\Escritorio\TPV_Practica3\TPV2\TPV2\src\systems\RenderSystem.cpp(55,31): warning C4244: '=': conversión de 'float' a 'int'; posible pérdida de datos
C:\Users\josem\OneDrive\Escritorio\TPV_Practica3\TPV2\TPV2\src\systems\RenderSystem.cpp(56,31): warning C4244: '=': conversión de 'float' a 'int'; posible pérdida de datos
C:\Users\josem\OneDrive\Escritorio\TPV_Practica3\TPV2\TPV2\src\systems\RenderSystem.cpp(57,22): warning C4244: '=': conversión de 'float' a 'int'; posible pérdida de datos
C:\Users\josem\OneDrive\Escritorio\TPV_Practica3\TPV2\TPV2\src\systems\RenderSystem.cpp(58,22): warning C4244: '=': conversión de 'float' a 'int'; posible pérdida de datos
C:\Users\josem\OneDrive\Escritorio\TPV_Practica3\TPV2\TPV2\src\systems\RenderSystem.cpp(81,114): warning C4244: 'argumento': conversión de 'float' a 'int'; posible pérdida de datos
C:\Users\josem\OneDrive\Escritorio\TPV_Practica3\TPV2\TPV2\src\systems\RenderSystem.cpp(81,72): warning C4244: 'argumento': conversión de 'float' a 'int'; posible pérdida de datos
C:\Users\josem\OneDrive\Escritorio\TPV_Practica3\TPV2\TPV2\src\systems\RenderSystem.cpp(85,116): warning C4244: 'argumento': conversión de 'float' a 'int'; posible pérdida de datos
C:\Users\josem\OneDrive\Escritorio\TPV_Practica3\TPV2\TPV2\src\systems\RenderSystem.cpp(85,74): warning C4244: 'argumento': conversión de 'float' a 'int'; posible pérdida de datos
C:\Users\josem\OneDrive\Escritorio\TPV_Practica3\TPV2\TPV2\src\systems\RenderSystem.cpp(87,32): warning C4244: '=': conversión de 'float' a 'int'; posible pérdida de datos
C:\Users\josem\OneDrive\Escritorio\TPV_Practica3\TPV2\TPV2\src\systems\RenderSystem.cpp(88,32): warning C4244: '=': conversión de 'float' a 'int'; posible pérdida de datos
C:\Users\josem\OneDrive\Escritorio\TPV_Practica3\TPV2\TPV2\src\systems\RenderSystem.cpp(89,23): warning C4244: '=': conversión de 'float' a 'int'; posible pérdida de datos
C:\Users\josem\OneDrive\Escritorio\TPV_Practica3\TPV2\TPV2\src\systems\RenderSystem.cpp(90,23): warning C4244: '=': conversión de 'float' a 'int'; posible pérdida de datos
C:\Users\josem\OneDrive\Escritorio\TPV_Practica3\TPV2\TPV2\src\systems\RenderSystem.cpp(130,34): warning C4244: '=': conversión de 'float' a 'int'; posible pérdida de datos
C:\Users\josem\OneDrive\Escritorio\TPV_Practica3\TPV2\TPV2\src\systems\RenderSystem.cpp(131,34): warning C4244: '=': conversión de 'float' a 'int'; posible pérdida de datos
C:\Users\josem\OneDrive\Escritorio\TPV_Practica3\TPV2\TPV2\src\systems\RenderSystem.cpp(132,25): warning C4244: '=': conversión de 'float' a 'int'; posible pérdida de datos
C:\Users\josem\OneDrive\Escritorio\TPV_Practica3\TPV2\TPV2\src\systems\RenderSystem.cpp(133,25): warning C4244: '=': conversión de 'float' a 'int'; posible pérdida de datos
C:\Users\josem\OneDrive\Escritorio\TPV_Practica3\TPV2\TPV2\src\systems\RenderSystem.cpp(165,34): warning C4244: '=': conversión de 'float' a 'int'; posible pérdida de datos
C:\Users\josem\OneDrive\Escritorio\TPV_Practica3\TPV2\TPV2\src\systems\RenderSystem.cpp(166,34): warning C4244: '=': conversión de 'float' a 'int'; posible pérdida de datos
C:\Users\josem\OneDrive\Escritorio\TPV_Practica3\TPV2\TPV2\src\systems\RenderSystem.cpp(167,25): warning C4244: '=': conversión de 'float' a 'int'; posible pérdida de datos
C:\Users\josem\OneDrive\Escritorio\TPV_Practica3\TPV2\TPV2\src\systems\RenderSystem.cpp(168,25): warning C4244: '=': conversión de 'float' a 'int'; posible pérdida de datos
C:\Users\josem\OneDrive\Escritorio\TPV_Practica3\TPV2\TPV2\src\systems\RenderSystem.cpp(180,35): warning C4244: '=': conversión de 'float' a 'int'; posible pérdida de datos
C:\Users\josem\OneDrive\Escritorio\TPV_Practica3\TPV2\TPV2\src\systems\RenderSystem.cpp(181,35): warning C4244: '=': conversión de 'float' a 'int'; posible pérdida de datos
C:\Users\josem\OneDrive\Escritorio\TPV_Practica3\TPV2\TPV2\src\systems\RenderSystem.cpp(182,26): warning C4244: '=': conversión de 'float' a 'int'; posible pérdida de datos
C:\Users\josem\OneDrive\Escritorio\TPV_Practica3\TPV2\TPV2\src\systems\RenderSystem.cpp(183,26): warning C4244: '=': conversión de 'float' a 'int'; posible pérdida de datos
  Collisions.cpp
  GameStateMachine.cpp
C:\Users\josem\OneDrive\Escritorio\TPV_Practica3\TPV2\TPV2\src\game\Constantes.h(9,36): warning C4305: 'inicializando': truncamiento de 'double' a 'float'
C:\Users\josem\OneDrive\Escritorio\TPV_Practica3\TPV2\TPV2\src\game\Constantes.h(10,25): warning C4305: 'inicializando': truncamiento de 'double' a 'float'
C:\Users\josem\OneDrive\Escritorio\TPV_Practica3\TPV2\TPV2\src\components\Transform.h(15,15): warning C4305: 'inicializando': truncamiento de 'double' a 'float'
C:\Users\josem\OneDrive\Escritorio\TPV_Practica3\TPV2\TPV2\src\systems\FighterSystem.h(48,49): warning C4244: 'inicializando': conversión de 'Uint32' a 'float'; posible pérdida de datos
C:\Users\josem\OneDrive\Escritorio\TPV_Practica3\TPV2\TPV2\src\sdlutils\SDLUtils.h(50,32): warning C4101: 'e': variable local sin referencia
C:\Users\josem\OneDrive\Escritorio\TPV_Practica3\TPV2\TPV2\src\sdlutils\SDLUtils.h(47): message : al compilar la función del miembro clase plantilla "SoundEffect &SDLUtils::map_access_wrapper<SoundEffect>::at(std::string)"
C:\Users\josem\OneDrive\Escritorio\TPV_Practica3\TPV2\TPV2\src\sdlutils\SDLUtils.h(194): message : Vea la referencia a la creación de una instancia de clase plantilla "SDLUtils::map_access_wrapper<SoundEffect>" que se está compilando
  Generando código...
  Compilando...
  Vector2D.cpp
  Generando código...
