c:\users\julve\desktop\universidad\segundo\tpv2\practica 3\tpv_practica3\tpv2\tpv2\x64\debug\vc143.pdb
c:\users\julve\desktop\universidad\segundo\tpv2\practica 3\tpv_practica3\tpv2\tpv2\x64\debug\vc143.idb
c:\users\julve\desktop\universidad\segundo\tpv2\practica 3\tpv_practica3\tpv2\tpv2\x64\debug\game.obj
c:\users\julve\desktop\universidad\segundo\tpv2\practica 3\tpv_practica3\tpv2\tpv2\x64\debug\system.obj
c:\users\julve\desktop\universidad\segundo\tpv2\practica 3\tpv_practica3\tpv2\tpv2\x64\debug\message.obj
c:\users\julve\desktop\universidad\segundo\tpv2\practica 3\tpv_practica3\tpv2\tpv2\x64\debug\manager.obj
c:\users\julve\desktop\universidad\segundo\tpv2\practica 3\tpv_practica3\tpv2\tpv2\x64\debug\entity.obj
c:\users\julve\desktop\universidad\segundo\tpv2\practica 3\tpv_practica3\tpv2\tpv2\x64\debug\component.obj
c:\users\julve\desktop\universidad\segundo\tpv2\practica 3\tpv_practica3\tpv2\tpv2\x64\debug\transform.obj
c:\users\julve\desktop\universidad\segundo\tpv2\practica 3\tpv_practica3\tpv2\tpv2\x64\debug\showatopposideside.obj
c:\users\julve\desktop\universidad\segundo\tpv2\practica 3\tpv_practica3\tpv2\tpv2\x64\debug\image.obj
c:\users\julve\desktop\universidad\segundo\tpv2\practica 3\tpv_practica3\tpv2\tpv2\x64\debug\health.obj
c:\users\julve\desktop\universidad\segundo\tpv2\practica 3\tpv_practica3\tpv2\tpv2\x64\debug\gun.obj
c:\users\julve\desktop\universidad\segundo\tpv2\practica 3\tpv_practica3\tpv2\tpv2\x64\debug\generations.obj
c:\users\julve\desktop\universidad\segundo\tpv2\practica 3\tpv_practica3\tpv2\tpv2\x64\debug\framedimage.obj
c:\users\julve\desktop\universidad\segundo\tpv2\practica 3\tpv_practica3\tpv2\tpv2\x64\debug\follow.obj
c:\users\julve\desktop\universidad\segundo\tpv2\practica 3\tpv_practica3\tpv2\tpv2\x64\debug\fighterctrl.obj
c:\users\julve\desktop\universidad\segundo\tpv2\practica 3\tpv_practica3\tpv2\tpv2\x64\debug\deacceleration.obj
c:\users\julve\desktop\universidad\segundo\tpv2\practica 3\tpv_practica3\tpv2\tpv2\x64\debug\mainmenustate.obj
c:\users\julve\desktop\universidad\segundo\tpv2\practica 3\tpv_practica3\tpv2\tpv2\x64\debug\multiplayerstate.obj
c:\users\julve\desktop\universidad\segundo\tpv2\practica 3\tpv_practica3\tpv2\tpv2\x64\debug\netsystem.obj
c:\users\julve\desktop\universidad\segundo\tpv2\practica 3\tpv_practica3\tpv2\tpv2\x64\debug\netmessage.obj
c:\users\julve\desktop\universidad\segundo\tpv2\practica 3\tpv_practica3\tpv2\tpv2\x64\debug\gamestatemachine.obj
c:\users\julve\desktop\universidad\segundo\tpv2\practica 3\tpv_practica3\tpv2\tpv2\x64\debug\collisions.obj
c:\users\julve\desktop\universidad\segundo\tpv2\practica 3\tpv_practica3\tpv2\tpv2\x64\debug\rendersystem.obj
c:\users\julve\desktop\universidad\segundo\tpv2\practica 3\tpv_practica3\tpv2\tpv2\x64\debug\gamecontrolsystem.obj
c:\users\julve\desktop\universidad\segundo\tpv2\practica 3\tpv_practica3\tpv2\tpv2\x64\debug\fightersystem.obj
c:\users\julve\desktop\universidad\segundo\tpv2\practica 3\tpv_practica3\tpv2\tpv2\x64\debug\collisionssystem.obj
c:\users\julve\desktop\universidad\segundo\tpv2\practica 3\tpv_practica3\tpv2\tpv2\x64\debug\bulletsystem.obj
c:\users\julve\desktop\universidad\segundo\tpv2\practica 3\tpv_practica3\tpv2\tpv2\x64\debug\asteroidssystem.obj
c:\users\julve\desktop\universidad\segundo\tpv2\practica 3\tpv_practica3\tpv2\tpv2\x64\debug\winstate.obj
c:\users\julve\desktop\universidad\segundo\tpv2\practica 3\tpv_practica3\tpv2\tpv2\x64\debug\playstate.obj
c:\users\julve\desktop\universidad\segundo\tpv2\practica 3\tpv_practica3\tpv2\tpv2\x64\debug\pausestate.obj
c:\users\julve\desktop\universidad\segundo\tpv2\practica 3\tpv_practica3\tpv2\tpv2\x64\debug\gameoverstate.obj
c:\users\julve\desktop\universidad\segundo\tpv2\practica 3\tpv_practica3\tpv2\tpv2\x64\debug\texture.obj
c:\users\julve\desktop\universidad\segundo\tpv2\practica 3\tpv_practica3\tpv2\tpv2\x64\debug\soundeffect.obj
c:\users\julve\desktop\universidad\segundo\tpv2\practica 3\tpv_practica3\tpv2\tpv2\x64\debug\sdlutils_demo.obj
c:\users\julve\desktop\universidad\segundo\tpv2\practica 3\tpv_practica3\tpv2\tpv2\x64\debug\sdlutils.obj
c:\users\julve\desktop\universidad\segundo\tpv2\practica 3\tpv_practica3\tpv2\tpv2\x64\debug\main.obj
c:\users\julve\desktop\universidad\segundo\tpv2\practica 3\tpv_practica3\tpv2\tpv2\x64\debug\json_demo.obj
c:\users\julve\desktop\universidad\segundo\tpv2\practica 3\tpv_practica3\tpv2\tpv2\x64\debug\jsonvalue.obj
c:\users\julve\desktop\universidad\segundo\tpv2\practica 3\tpv_practica3\tpv2\tpv2\x64\debug\json.obj
c:\users\julve\desktop\universidad\segundo\tpv2\practica 3\tpv_practica3\tpv2\tpv2\x64\debug\vector2d.obj
c:\users\julve\desktop\universidad\segundo\tpv2\practica 3\tpv_practica3\tpv2\bin\tpv2debug.lib
c:\users\julve\desktop\universidad\segundo\tpv2\practica 3\tpv_practica3\tpv2\bin\tpv2debug.exp
c:\users\julve\desktop\universidad\segundo\tpv2\practica 3\tpv_practica3\tpv2\bin\tpv2debug.exe
c:\users\julve\desktop\universidad\segundo\tpv2\practica 3\tpv_practica3\tpv2\tpv2\x64\debug\tpv2debug.ilk
c:\users\julve\desktop\universidad\segundo\tpv2\practica 3\tpv_practica3\tpv2\bin\tpv2debug.pdb
c:\users\josem\onedrive\escritorio\tpv_practica3\tpv2\bin\tpv2debug.lib
c:\users\josem\onedrive\escritorio\tpv_practica3\tpv2\bin\tpv2debug.exp
c:\users\julve\desktop\universidad\segundo\tpv2\practica 3\tpv_practica3\tpv2\tpv2\x64\debug\tpv2.tlog\cl.command.1.tlog
c:\users\julve\desktop\universidad\segundo\tpv2\practica 3\tpv_practica3\tpv2\tpv2\x64\debug\tpv2.tlog\cl.read.1.tlog
c:\users\julve\desktop\universidad\segundo\tpv2\practica 3\tpv_practica3\tpv2\tpv2\x64\debug\tpv2.tlog\cl.write.1.tlog
c:\users\julve\desktop\universidad\segundo\tpv2\practica 3\tpv_practica3\tpv2\tpv2\x64\debug\tpv2.tlog\link.command.1.tlog
c:\users\julve\desktop\universidad\segundo\tpv2\practica 3\tpv_practica3\tpv2\tpv2\x64\debug\tpv2.tlog\link.read.1.tlog
c:\users\julve\desktop\universidad\segundo\tpv2\practica 3\tpv_practica3\tpv2\tpv2\x64\debug\tpv2.tlog\link.write.1.tlog
c:\users\julve\desktop\universidad\segundo\tpv2\practica 3\tpv_practica3\tpv2\tpv2\x64\debug\tpv2.tlog\link.write.2u.tlog
c:\users\julve\desktop\universidad\segundo\tpv2\practica 3\tpv_practica3\tpv2\tpv2\x64\debug\tpv2.tlog\tpv2.write.1u.tlog
